10.8.2024, 12:46:58 - INFO - server.js loaded... 
10.8.2024, 12:46:58 - INFO - Server is running on port: 3030 
10.8.2024, 12:47:53 - INFO - Req was made | /:room 
10.8.2024, 12:48:24 - INFO - Req was made | /:room 
10.8.2024, 12:50:41 - INFO - server.js loaded... 
10.8.2024, 12:50:41 - INFO - Server is running on port: 3030 
10.8.2024, 12:51:16 - INFO - server.js loaded... 
10.8.2024, 12:51:16 - INFO - Server is running on port: 3030 
10.8.2024, 12:51:24 - INFO - server.js loaded... 
10.8.2024, 12:51:24 - INFO - Server is running on port: 3030 
10.8.2024, 12:52:19 - INFO - Req was made | /:room | {"room":"livingRoom"} 
10.8.2024, 12:53:10 - INFO - server.js loaded... 
10.8.2024, 12:53:10 - INFO - Server is running on port: 3030 
10.8.2024, 12:53:11 - INFO - Req was made | /:room | {"room":"livingRoom"} 
10.8.2024, 12:53:45 - INFO - server.js loaded... 
10.8.2024, 12:53:45 - INFO - Server is running on port: 3030 
10.8.2024, 12:54:00 - INFO - server.js loaded... 
10.8.2024, 12:54:00 - INFO - Server is running on port: 3030 
10.8.2024, 12:54:01 - INFO - Req was made | /:room | {"room":"livingRoom"} 
10.8.2024, 12:55:04 - INFO - server.js loaded... 
10.8.2024, 12:55:04 - INFO - Server is running on port: 3030 
10.8.2024, 12:55:07 - INFO - Req was made | /:room | {"room":"livingRoom"} 
10.8.2024, 12:55:16 - INFO - Req was made | /:room | {"room":"masterBedroom"} 
10.8.2024, 12:55:37 - INFO - server.js loaded... 
10.8.2024, 12:55:37 - INFO - Server is running on port: 3030 
10.8.2024, 12:55:43 - INFO - server.js loaded... 
10.8.2024, 12:55:43 - INFO - Server is running on port: 3030 
10.8.2024, 12:55:54 - INFO - server.js loaded... 
10.8.2024, 12:55:54 - INFO - Server is running on port: 3030 
10.8.2024, 12:55:56 - INFO - Req was made | /:room | {"room":"masterBedroom"} 
10.8.2024, 12:59:23 - INFO - Req was made | /:room | {"room":"livingRoom"} 
10.8.2024, 13:00:22 - INFO - Req was made | /:room | {"room":"livingRoom"} 
10.8.2024, 13:01:44 - INFO - Req was made | /:room | {"room":"livingRoom"} 
10.8.2024, 13:01:59 - INFO - Req was made | /:room | {"room":"livingRoom"} 
10.8.2024, 13:02:58 - INFO - server.js loaded... 
10.8.2024, 13:02:58 - INFO - Server is running on port: 3030 
10.8.2024, 13:03:01 - INFO - Req was made | /:room | {"room":"livingRoom"} 
10.8.2024, 13:03:26 - INFO - server.js loaded... 
10.8.2024, 13:03:26 - INFO - Server is running on port: 3030 
10.8.2024, 13:03:27 - INFO - Req was made | /:room | {"room":"livingRoom"} 
10.8.2024, 13:04:50 - INFO - Req was made | /:room | {"room":"livingRoom"} 
10.8.2024, 14:18:32 - INFO - Req was made | /:room | {"room":"livingRoom"} 
10.8.2024, 14:19:03 - INFO - server.js loaded... 
10.8.2024, 14:19:03 - INFO - Server is running on port: 3030 
10.8.2024, 14:19:20 - INFO - Req was made | /:room | {"room":"livingRoom"} 
10.8.2024, 14:19:41 - INFO - server.js loaded... 
10.8.2024, 14:19:41 - INFO - Server is running on port: 3030 
10.8.2024, 14:19:50 - INFO - server.js loaded... 
10.8.2024, 14:19:50 - INFO - Server is running on port: 3030 
10.8.2024, 14:20:12 - INFO - Req was made | /:room | {"room":"livingRoom"} 
10.8.2024, 14:20:57 - INFO - server.js loaded... 
10.8.2024, 14:20:57 - INFO - Server is running on port: 3030 
